2025-10-30 04:55:03,570 - <BrokerConnection client_id=kafka-python-2.2.15, node_id=bootstrap-0 host=localhost:9092 <connecting> [IPv4 ('127.0.0.1', 9092)]>: connecting to localhost:9092 [('127.0.0.1', 9092) IPv4]
2025-10-30 04:55:03,662 - <BrokerConnection client_id=kafka-python-2.2.15, node_id=bootstrap-0 host=localhost:9092 <checking_api_versions_recv> [IPv4 ('127.0.0.1', 9092)]>: Broker version identified as 2.6
2025-10-30 04:55:03,662 - <BrokerConnection client_id=kafka-python-2.2.15, node_id=bootstrap-0 host=localhost:9092 <connected> [IPv4 ('127.0.0.1', 9092)]>: Connection complete.
2025-10-30 04:55:03,662 - group_id is None: disabling auto-commit.
2025-10-30 04:55:03,662 - Updating subscribed topics to: ('binance.public.crypto_24h_stats',)
2025-10-30 04:55:03,664 - Updated partition assignment: [TopicPartition(topic='binance.public.crypto_24h_stats', partition=0)]
2025-10-30 04:55:13,685 - DNS lookup failed for kafka:9092, exception was [Errno -3] Temporary failure in name resolution. Is your advertised.listeners (called advertised.host.name before Kafka 9) correct and resolvable?
2025-10-30 04:55:13,685 - <BrokerConnection client_id=kafka-python-2.2.15, node_id=1 host=kafka:9092 <connecting> [unspecified None]>: DNS lookup failed for kafka:9092 (0)
2025-10-30 04:55:13,686 - <BrokerConnection client_id=kafka-python-2.2.15, node_id=1 host=kafka:9092 <connecting> [unspecified None]>: Closing connection. KafkaConnectionError: DNS failure
2025-10-30 04:55:13,686 - Node 1 connection failed -- refreshing metadata
2025-10-30 04:55:23,958 - DNS lookup failed for kafka:9092, exception was [Errno -3] Temporary failure in name resolution. Is your advertised.listeners (called advertised.host.name before Kafka 9) correct and resolvable?
2025-10-30 04:55:23,959 - <BrokerConnection client_id=kafka-python-2.2.15, node_id=1 host=kafka:9092 <connecting> [unspecified None]>: DNS lookup failed for kafka:9092 (0)
2025-10-30 04:55:23,959 - <BrokerConnection client_id=kafka-python-2.2.15, node_id=1 host=kafka:9092 <connecting> [unspecified None]>: Closing connection. KafkaConnectionError: DNS failure
2025-10-30 04:55:23,960 - Node 1 connection failed -- refreshing metadata
2025-10-30 04:55:33,972 - DNS lookup failed for kafka:9092, exception was [Errno -3] Temporary failure in name resolution. Is your advertised.listeners (called advertised.host.name before Kafka 9) correct and resolvable?
2025-10-30 04:55:33,972 - <BrokerConnection client_id=kafka-python-2.2.15, node_id=1 host=kafka:9092 <connecting> [unspecified None]>: DNS lookup failed for kafka:9092 (0)
2025-10-30 04:55:33,972 - <BrokerConnection client_id=kafka-python-2.2.15, node_id=1 host=kafka:9092 <connecting> [unspecified None]>: Closing connection. KafkaConnectionError: DNS failure
2025-10-30 04:55:33,972 - Node 1 connection failed -- refreshing metadata
2025-10-30 04:55:47,082 - DNS lookup failed for kafka:9092, exception was [Errno -3] Temporary failure in name resolution. Is your advertised.listeners (called advertised.host.name before Kafka 9) correct and resolvable?
2025-10-30 04:55:47,082 - <BrokerConnection client_id=kafka-python-2.2.15, node_id=1 host=kafka:9092 <connecting> [unspecified None]>: DNS lookup failed for kafka:9092 (0)
2025-10-30 04:55:47,082 - <BrokerConnection client_id=kafka-python-2.2.15, node_id=1 host=kafka:9092 <connecting> [unspecified None]>: Closing connection. KafkaConnectionError: DNS failure
2025-10-30 04:55:47,082 - Node 1 connection failed -- refreshing metadata
2025-10-30 04:55:57,088 - DNS lookup failed for kafka:9092, exception was [Errno -3] Temporary failure in name resolution. Is your advertised.listeners (called advertised.host.name before Kafka 9) correct and resolvable?
2025-10-30 04:55:57,089 - <BrokerConnection client_id=kafka-python-2.2.15, node_id=1 host=kafka:9092 <connecting> [unspecified None]>: DNS lookup failed for kafka:9092 (0)
2025-10-30 04:55:57,089 - <BrokerConnection client_id=kafka-python-2.2.15, node_id=1 host=kafka:9092 <connecting> [unspecified None]>: Closing connection. KafkaConnectionError: DNS failure
2025-10-30 04:55:57,089 - Node 1 connection failed -- refreshing metadata
2025-10-30 04:56:07,096 - DNS lookup failed for kafka:9092, exception was [Errno -3] Temporary failure in name resolution. Is your advertised.listeners (called advertised.host.name before Kafka 9) correct and resolvable?
2025-10-30 04:56:07,096 - <BrokerConnection client_id=kafka-python-2.2.15, node_id=1 host=kafka:9092 <connecting> [unspecified None]>: DNS lookup failed for kafka:9092 (0)
2025-10-30 04:56:07,097 - <BrokerConnection client_id=kafka-python-2.2.15, node_id=1 host=kafka:9092 <connecting> [unspecified None]>: Closing connection. KafkaConnectionError: DNS failure
2025-10-30 04:56:07,097 - Node 1 connection failed -- refreshing metadata
2025-10-30 04:56:20,032 - DNS lookup failed for kafka:9092, exception was [Errno -3] Temporary failure in name resolution. Is your advertised.listeners (called advertised.host.name before Kafka 9) correct and resolvable?
2025-10-30 04:56:20,032 - <BrokerConnection client_id=kafka-python-2.2.15, node_id=1 host=kafka:9092 <connecting> [unspecified None]>: DNS lookup failed for kafka:9092 (0)
2025-10-30 04:56:20,032 - <BrokerConnection client_id=kafka-python-2.2.15, node_id=1 host=kafka:9092 <connecting> [unspecified None]>: Closing connection. KafkaConnectionError: DNS failure
2025-10-30 04:56:20,032 - Node 1 connection failed -- refreshing metadata
2025-10-30 04:56:30,037 - DNS lookup failed for kafka:9092, exception was [Errno -3] Temporary failure in name resolution. Is your advertised.listeners (called advertised.host.name before Kafka 9) correct and resolvable?
2025-10-30 04:56:30,038 - <BrokerConnection client_id=kafka-python-2.2.15, node_id=1 host=kafka:9092 <connecting> [unspecified None]>: DNS lookup failed for kafka:9092 (0)
2025-10-30 04:56:30,038 - <BrokerConnection client_id=kafka-python-2.2.15, node_id=1 host=kafka:9092 <connecting> [unspecified None]>: Closing connection. KafkaConnectionError: DNS failure
2025-10-30 04:56:30,039 - Node 1 connection failed -- refreshing metadata
2025-10-30 04:56:40,045 - DNS lookup failed for kafka:9092, exception was [Errno -3] Temporary failure in name resolution. Is your advertised.listeners (called advertised.host.name before Kafka 9) correct and resolvable?
2025-10-30 04:56:40,045 - <BrokerConnection client_id=kafka-python-2.2.15, node_id=1 host=kafka:9092 <connecting> [unspecified None]>: DNS lookup failed for kafka:9092 (0)
2025-10-30 04:56:40,045 - <BrokerConnection client_id=kafka-python-2.2.15, node_id=1 host=kafka:9092 <connecting> [unspecified None]>: Closing connection. KafkaConnectionError: DNS failure
2025-10-30 04:56:40,045 - Node 1 connection failed -- refreshing metadata
2025-10-30 04:56:53,882 - DNS lookup failed for kafka:9092, exception was [Errno -3] Temporary failure in name resolution. Is your advertised.listeners (called advertised.host.name before Kafka 9) correct and resolvable?
2025-10-30 04:56:53,883 - <BrokerConnection client_id=kafka-python-2.2.15, node_id=1 host=kafka:9092 <connecting> [unspecified None]>: DNS lookup failed for kafka:9092 (0)
2025-10-30 04:56:53,883 - <BrokerConnection client_id=kafka-python-2.2.15, node_id=1 host=kafka:9092 <connecting> [unspecified None]>: Closing connection. KafkaConnectionError: DNS failure
2025-10-30 04:56:53,883 - Node 1 connection failed -- refreshing metadata
2025-10-30 04:57:16,010 - DNS lookup failed for kafka:9092, exception was [Errno -3] Temporary failure in name resolution. Is your advertised.listeners (called advertised.host.name before Kafka 9) correct and resolvable?
2025-10-30 04:57:16,010 - <BrokerConnection client_id=kafka-python-2.2.15, node_id=1 host=kafka:9092 <connecting> [unspecified None]>: DNS lookup failed for kafka:9092 (0)
2025-10-30 04:57:16,010 - <BrokerConnection client_id=kafka-python-2.2.15, node_id=1 host=kafka:9092 <connecting> [unspecified None]>: Closing connection. KafkaConnectionError: DNS failure
2025-10-30 04:57:16,010 - Node 1 connection failed -- refreshing metadata
2025-10-30 04:57:45,471 - DNS lookup failed for kafka:9092, exception was [Errno -3] Temporary failure in name resolution. Is your advertised.listeners (called advertised.host.name before Kafka 9) correct and resolvable?
2025-10-30 04:57:45,471 - <BrokerConnection client_id=kafka-python-2.2.15, node_id=1 host=kafka:9092 <connecting> [unspecified None]>: DNS lookup failed for kafka:9092 (0)
2025-10-30 04:57:45,472 - <BrokerConnection client_id=kafka-python-2.2.15, node_id=1 host=kafka:9092 <connecting> [unspecified None]>: Closing connection. KafkaConnectionError: DNS failure
2025-10-30 04:57:45,472 - Node 1 connection failed -- refreshing metadata
2025-10-30 04:58:09,893 - DNS lookup failed for kafka:9092, exception was [Errno -3] Temporary failure in name resolution. Is your advertised.listeners (called advertised.host.name before Kafka 9) correct and resolvable?
2025-10-30 04:58:09,893 - <BrokerConnection client_id=kafka-python-2.2.15, node_id=1 host=kafka:9092 <connecting> [unspecified None]>: DNS lookup failed for kafka:9092 (0)
2025-10-30 04:58:09,893 - <BrokerConnection client_id=kafka-python-2.2.15, node_id=1 host=kafka:9092 <connecting> [unspecified None]>: Closing connection. KafkaConnectionError: DNS failure
2025-10-30 04:58:09,893 - Node 1 connection failed -- refreshing metadata
2025-10-30 04:58:40,589 - DNS lookup failed for kafka:9092, exception was [Errno -3] Temporary failure in name resolution. Is your advertised.listeners (called advertised.host.name before Kafka 9) correct and resolvable?
2025-10-30 04:58:40,589 - <BrokerConnection client_id=kafka-python-2.2.15, node_id=1 host=kafka:9092 <connecting> [unspecified None]>: DNS lookup failed for kafka:9092 (0)
2025-10-30 04:58:40,589 - <BrokerConnection client_id=kafka-python-2.2.15, node_id=1 host=kafka:9092 <connecting> [unspecified None]>: Closing connection. KafkaConnectionError: DNS failure
2025-10-30 04:58:40,589 - Node 1 connection failed -- refreshing metadata
2025-10-30 04:59:04,464 - DNS lookup failed for kafka:9092, exception was [Errno -3] Temporary failure in name resolution. Is your advertised.listeners (called advertised.host.name before Kafka 9) correct and resolvable?
2025-10-30 04:59:04,464 - <BrokerConnection client_id=kafka-python-2.2.15, node_id=1 host=kafka:9092 <connecting> [unspecified None]>: DNS lookup failed for kafka:9092 (0)
2025-10-30 04:59:04,464 - <BrokerConnection client_id=kafka-python-2.2.15, node_id=1 host=kafka:9092 <connecting> [unspecified None]>: Closing connection. KafkaConnectionError: DNS failure
2025-10-30 04:59:04,464 - Node 1 connection failed -- refreshing metadata
2025-10-30 04:59:33,224 - DNS lookup failed for kafka:9092, exception was [Errno -3] Temporary failure in name resolution. Is your advertised.listeners (called advertised.host.name before Kafka 9) correct and resolvable?
2025-10-30 04:59:33,225 - <BrokerConnection client_id=kafka-python-2.2.15, node_id=1 host=kafka:9092 <connecting> [unspecified None]>: DNS lookup failed for kafka:9092 (0)
2025-10-30 04:59:33,225 - <BrokerConnection client_id=kafka-python-2.2.15, node_id=1 host=kafka:9092 <connecting> [unspecified None]>: Closing connection. KafkaConnectionError: DNS failure
2025-10-30 04:59:33,225 - Node 1 connection failed -- refreshing metadata
2025-10-30 05:00:02,536 - DNS lookup failed for kafka:9092, exception was [Errno -3] Temporary failure in name resolution. Is your advertised.listeners (called advertised.host.name before Kafka 9) correct and resolvable?
2025-10-30 05:00:02,536 - <BrokerConnection client_id=kafka-python-2.2.15, node_id=1 host=kafka:9092 <connecting> [unspecified None]>: DNS lookup failed for kafka:9092 (0)
2025-10-30 05:00:02,537 - <BrokerConnection client_id=kafka-python-2.2.15, node_id=1 host=kafka:9092 <connecting> [unspecified None]>: Closing connection. KafkaConnectionError: DNS failure
2025-10-30 05:00:02,537 - Node 1 connection failed -- refreshing metadata
2025-10-30 05:00:36,365 - DNS lookup failed for kafka:9092, exception was [Errno -3] Temporary failure in name resolution. Is your advertised.listeners (called advertised.host.name before Kafka 9) correct and resolvable?
2025-10-30 05:00:36,365 - <BrokerConnection client_id=kafka-python-2.2.15, node_id=1 host=kafka:9092 <connecting> [unspecified None]>: DNS lookup failed for kafka:9092 (0)
2025-10-30 05:00:36,365 - <BrokerConnection client_id=kafka-python-2.2.15, node_id=1 host=kafka:9092 <connecting> [unspecified None]>: Closing connection. KafkaConnectionError: DNS failure
2025-10-30 05:00:36,365 - Node 1 connection failed -- refreshing metadata
2025-10-30 05:01:11,613 - DNS lookup failed for kafka:9092, exception was [Errno -3] Temporary failure in name resolution. Is your advertised.listeners (called advertised.host.name before Kafka 9) correct and resolvable?
2025-10-30 05:01:11,614 - <BrokerConnection client_id=kafka-python-2.2.15, node_id=1 host=kafka:9092 <connecting> [unspecified None]>: DNS lookup failed for kafka:9092 (0)
2025-10-30 05:01:11,614 - <BrokerConnection client_id=kafka-python-2.2.15, node_id=1 host=kafka:9092 <connecting> [unspecified None]>: Closing connection. KafkaConnectionError: DNS failure
2025-10-30 05:01:11,614 - Node 1 connection failed -- refreshing metadata
2025-10-30 05:01:39,305 - DNS lookup failed for kafka:9092, exception was [Errno -3] Temporary failure in name resolution. Is your advertised.listeners (called advertised.host.name before Kafka 9) correct and resolvable?
2025-10-30 05:01:39,305 - <BrokerConnection client_id=kafka-python-2.2.15, node_id=1 host=kafka:9092 <connecting> [unspecified None]>: DNS lookup failed for kafka:9092 (0)
2025-10-30 05:01:39,306 - <BrokerConnection client_id=kafka-python-2.2.15, node_id=1 host=kafka:9092 <connecting> [unspecified None]>: Closing connection. KafkaConnectionError: DNS failure
2025-10-30 05:01:39,306 - Node 1 connection failed -- refreshing metadata
2025-10-30 05:02:13,513 - DNS lookup failed for kafka:9092, exception was [Errno -3] Temporary failure in name resolution. Is your advertised.listeners (called advertised.host.name before Kafka 9) correct and resolvable?
2025-10-30 05:02:13,513 - <BrokerConnection client_id=kafka-python-2.2.15, node_id=1 host=kafka:9092 <connecting> [unspecified None]>: DNS lookup failed for kafka:9092 (0)
2025-10-30 05:02:13,513 - <BrokerConnection client_id=kafka-python-2.2.15, node_id=1 host=kafka:9092 <connecting> [unspecified None]>: Closing connection. KafkaConnectionError: DNS failure
2025-10-30 05:02:13,514 - Node 1 connection failed -- refreshing metadata
2025-10-30 05:02:36,538 - DNS lookup failed for kafka:9092, exception was [Errno -3] Temporary failure in name resolution. Is your advertised.listeners (called advertised.host.name before Kafka 9) correct and resolvable?
2025-10-30 05:02:36,538 - <BrokerConnection client_id=kafka-python-2.2.15, node_id=1 host=kafka:9092 <connecting> [unspecified None]>: DNS lookup failed for kafka:9092 (0)
2025-10-30 05:02:36,538 - <BrokerConnection client_id=kafka-python-2.2.15, node_id=1 host=kafka:9092 <connecting> [unspecified None]>: Closing connection. KafkaConnectionError: DNS failure
2025-10-30 05:02:36,539 - Node 1 connection failed -- refreshing metadata
2025-10-30 05:03:02,297 - DNS lookup failed for kafka:9092, exception was [Errno -3] Temporary failure in name resolution. Is your advertised.listeners (called advertised.host.name before Kafka 9) correct and resolvable?
2025-10-30 05:03:02,298 - <BrokerConnection client_id=kafka-python-2.2.15, node_id=1 host=kafka:9092 <connecting> [unspecified None]>: DNS lookup failed for kafka:9092 (0)
2025-10-30 05:03:02,298 - <BrokerConnection client_id=kafka-python-2.2.15, node_id=1 host=kafka:9092 <connecting> [unspecified None]>: Closing connection. KafkaConnectionError: DNS failure
2025-10-30 05:03:02,299 - Node 1 connection failed -- refreshing metadata
2025-10-30 05:03:40,235 - DNS lookup failed for kafka:9092, exception was [Errno -3] Temporary failure in name resolution. Is your advertised.listeners (called advertised.host.name before Kafka 9) correct and resolvable?
2025-10-30 05:03:40,235 - <BrokerConnection client_id=kafka-python-2.2.15, node_id=1 host=kafka:9092 <connecting> [unspecified None]>: DNS lookup failed for kafka:9092 (0)
2025-10-30 05:03:40,235 - <BrokerConnection client_id=kafka-python-2.2.15, node_id=1 host=kafka:9092 <connecting> [unspecified None]>: Closing connection. KafkaConnectionError: DNS failure
2025-10-30 05:03:40,235 - Node 1 connection failed -- refreshing metadata
2025-10-30 05:04:08,765 - DNS lookup failed for kafka:9092, exception was [Errno -3] Temporary failure in name resolution. Is your advertised.listeners (called advertised.host.name before Kafka 9) correct and resolvable?
2025-10-30 05:04:08,765 - <BrokerConnection client_id=kafka-python-2.2.15, node_id=1 host=kafka:9092 <connecting> [unspecified None]>: DNS lookup failed for kafka:9092 (0)
2025-10-30 05:04:08,766 - <BrokerConnection client_id=kafka-python-2.2.15, node_id=1 host=kafka:9092 <connecting> [unspecified None]>: Closing connection. KafkaConnectionError: DNS failure
2025-10-30 05:04:08,766 - Node 1 connection failed -- refreshing metadata
2025-10-30 05:04:08,766 - Closing idle connection bootstrap-0, last active 545102 ms ago
2025-10-30 05:04:08,766 - <BrokerConnection client_id=kafka-python-2.2.15, node_id=bootstrap-0 host=localhost:9092 <connected> [IPv4 ('127.0.0.1', 9092)]>: Closing connection. 
2025-10-30 05:04:34,599 - DNS lookup failed for kafka:9092, exception was [Errno -3] Temporary failure in name resolution. Is your advertised.listeners (called advertised.host.name before Kafka 9) correct and resolvable?
2025-10-30 05:04:34,600 - <BrokerConnection client_id=kafka-python-2.2.15, node_id=1 host=kafka:9092 <connecting> [unspecified None]>: DNS lookup failed for kafka:9092 (0)
2025-10-30 05:04:34,600 - <BrokerConnection client_id=kafka-python-2.2.15, node_id=1 host=kafka:9092 <connecting> [unspecified None]>: Closing connection. KafkaConnectionError: DNS failure
2025-10-30 05:04:34,600 - Node 1 connection failed -- refreshing metadata
2025-10-30 05:05:05,510 - DNS lookup failed for kafka:9092, exception was [Errno -3] Temporary failure in name resolution. Is your advertised.listeners (called advertised.host.name before Kafka 9) correct and resolvable?
2025-10-30 05:05:05,510 - <BrokerConnection client_id=kafka-python-2.2.15, node_id=1 host=kafka:9092 <connecting> [unspecified None]>: DNS lookup failed for kafka:9092 (0)
2025-10-30 05:05:05,511 - <BrokerConnection client_id=kafka-python-2.2.15, node_id=1 host=kafka:9092 <connecting> [unspecified None]>: Closing connection. KafkaConnectionError: DNS failure
2025-10-30 05:05:05,511 - Node 1 connection failed -- refreshing metadata
2025-10-30 05:05:31,399 - DNS lookup failed for kafka:9092, exception was [Errno -3] Temporary failure in name resolution. Is your advertised.listeners (called advertised.host.name before Kafka 9) correct and resolvable?
2025-10-30 05:05:31,400 - <BrokerConnection client_id=kafka-python-2.2.15, node_id=1 host=kafka:9092 <connecting> [unspecified None]>: DNS lookup failed for kafka:9092 (0)
2025-10-30 05:05:31,400 - <BrokerConnection client_id=kafka-python-2.2.15, node_id=1 host=kafka:9092 <connecting> [unspecified None]>: Closing connection. KafkaConnectionError: DNS failure
2025-10-30 05:05:31,400 - Node 1 connection failed -- refreshing metadata
2025-10-30 05:06:02,148 - DNS lookup failed for kafka:9092, exception was [Errno -3] Temporary failure in name resolution. Is your advertised.listeners (called advertised.host.name before Kafka 9) correct and resolvable?
2025-10-30 05:06:02,148 - <BrokerConnection client_id=kafka-python-2.2.15, node_id=1 host=kafka:9092 <connecting> [unspecified None]>: DNS lookup failed for kafka:9092 (0)
2025-10-30 05:06:02,148 - <BrokerConnection client_id=kafka-python-2.2.15, node_id=1 host=kafka:9092 <connecting> [unspecified None]>: Closing connection. KafkaConnectionError: DNS failure
2025-10-30 05:06:02,148 - Node 1 connection failed -- refreshing metadata
2025-10-30 05:06:44,087 - <BrokerConnection client_id=kafka-python-2.2.15, node_id=bootstrap-0 host=localhost:9092 <connecting> [IPv4 ('127.0.0.1', 9092)]>: connecting to localhost:9092 [('127.0.0.1', 9092) IPv4]
2025-10-30 05:06:44,177 - <BrokerConnection client_id=kafka-python-2.2.15, node_id=bootstrap-0 host=localhost:9092 <checking_api_versions_recv> [IPv4 ('127.0.0.1', 9092)]>: Broker version identified as 2.6
2025-10-30 05:06:44,178 - <BrokerConnection client_id=kafka-python-2.2.15, node_id=bootstrap-0 host=localhost:9092 <connected> [IPv4 ('127.0.0.1', 9092)]>: Connection complete.
2025-10-30 05:06:44,178 - group_id is None: disabling auto-commit.
2025-10-30 05:06:44,178 - Updating subscribed topics to: ('binance.public.crypto_24h_stats',)
2025-10-30 05:06:44,180 - Updated partition assignment: [TopicPartition(topic='binance.public.crypto_24h_stats', partition=0)]
2025-10-30 05:06:54,188 - DNS lookup failed for kafka:9092, exception was [Errno -3] Temporary failure in name resolution. Is your advertised.listeners (called advertised.host.name before Kafka 9) correct and resolvable?
2025-10-30 05:06:54,188 - <BrokerConnection client_id=kafka-python-2.2.15, node_id=1 host=kafka:9092 <connecting> [unspecified None]>: DNS lookup failed for kafka:9092 (0)
2025-10-30 05:06:54,189 - <BrokerConnection client_id=kafka-python-2.2.15, node_id=1 host=kafka:9092 <connecting> [unspecified None]>: Closing connection. KafkaConnectionError: DNS failure
2025-10-30 05:06:54,189 - Node 1 connection failed -- refreshing metadata
2025-10-30 05:07:07,131 - DNS lookup failed for kafka:9092, exception was [Errno -3] Temporary failure in name resolution. Is your advertised.listeners (called advertised.host.name before Kafka 9) correct and resolvable?
2025-10-30 05:07:07,132 - <BrokerConnection client_id=kafka-python-2.2.15, node_id=1 host=kafka:9092 <connecting> [unspecified None]>: DNS lookup failed for kafka:9092 (0)
2025-10-30 05:07:07,132 - <BrokerConnection client_id=kafka-python-2.2.15, node_id=1 host=kafka:9092 <connecting> [unspecified None]>: Closing connection. KafkaConnectionError: DNS failure
2025-10-30 05:07:07,132 - Node 1 connection failed -- refreshing metadata
2025-10-30 05:07:17,140 - DNS lookup failed for kafka:9092, exception was [Errno -3] Temporary failure in name resolution. Is your advertised.listeners (called advertised.host.name before Kafka 9) correct and resolvable?
2025-10-30 05:07:17,140 - <BrokerConnection client_id=kafka-python-2.2.15, node_id=1 host=kafka:9092 <connecting> [unspecified None]>: DNS lookup failed for kafka:9092 (0)
2025-10-30 05:07:17,140 - <BrokerConnection client_id=kafka-python-2.2.15, node_id=1 host=kafka:9092 <connecting> [unspecified None]>: Closing connection. KafkaConnectionError: DNS failure
2025-10-30 05:07:17,141 - Node 1 connection failed -- refreshing metadata
2025-10-30 05:07:27,147 - DNS lookup failed for kafka:9092, exception was [Errno -3] Temporary failure in name resolution. Is your advertised.listeners (called advertised.host.name before Kafka 9) correct and resolvable?
2025-10-30 05:07:27,148 - <BrokerConnection client_id=kafka-python-2.2.15, node_id=1 host=kafka:9092 <connecting> [unspecified None]>: DNS lookup failed for kafka:9092 (0)
2025-10-30 05:07:27,148 - <BrokerConnection client_id=kafka-python-2.2.15, node_id=1 host=kafka:9092 <connecting> [unspecified None]>: Closing connection. KafkaConnectionError: DNS failure
2025-10-30 05:07:27,148 - Node 1 connection failed -- refreshing metadata
2025-10-30 05:07:40,083 - DNS lookup failed for kafka:9092, exception was [Errno -3] Temporary failure in name resolution. Is your advertised.listeners (called advertised.host.name before Kafka 9) correct and resolvable?
2025-10-30 05:07:40,083 - <BrokerConnection client_id=kafka-python-2.2.15, node_id=1 host=kafka:9092 <connecting> [unspecified None]>: DNS lookup failed for kafka:9092 (0)
2025-10-30 05:07:40,083 - <BrokerConnection client_id=kafka-python-2.2.15, node_id=1 host=kafka:9092 <connecting> [unspecified None]>: Closing connection. KafkaConnectionError: DNS failure
2025-10-30 05:07:40,083 - Node 1 connection failed -- refreshing metadata
2025-10-30 05:07:50,093 - DNS lookup failed for kafka:9092, exception was [Errno -3] Temporary failure in name resolution. Is your advertised.listeners (called advertised.host.name before Kafka 9) correct and resolvable?
2025-10-30 05:07:50,093 - <BrokerConnection client_id=kafka-python-2.2.15, node_id=1 host=kafka:9092 <connecting> [unspecified None]>: DNS lookup failed for kafka:9092 (0)
2025-10-30 05:07:50,093 - <BrokerConnection client_id=kafka-python-2.2.15, node_id=1 host=kafka:9092 <connecting> [unspecified None]>: Closing connection. KafkaConnectionError: DNS failure
2025-10-30 05:07:50,093 - Node 1 connection failed -- refreshing metadata
2025-10-30 05:08:00,098 - DNS lookup failed for kafka:9092, exception was [Errno -3] Temporary failure in name resolution. Is your advertised.listeners (called advertised.host.name before Kafka 9) correct and resolvable?
2025-10-30 05:08:00,099 - <BrokerConnection client_id=kafka-python-2.2.15, node_id=1 host=kafka:9092 <connecting> [unspecified None]>: DNS lookup failed for kafka:9092 (0)
2025-10-30 05:08:00,099 - <BrokerConnection client_id=kafka-python-2.2.15, node_id=1 host=kafka:9092 <connecting> [unspecified None]>: Closing connection. KafkaConnectionError: DNS failure
2025-10-30 05:08:00,099 - Node 1 connection failed -- refreshing metadata
2025-10-30 05:08:13,042 - DNS lookup failed for kafka:9092, exception was [Errno -3] Temporary failure in name resolution. Is your advertised.listeners (called advertised.host.name before Kafka 9) correct and resolvable?
2025-10-30 05:08:13,042 - <BrokerConnection client_id=kafka-python-2.2.15, node_id=1 host=kafka:9092 <connecting> [unspecified None]>: DNS lookup failed for kafka:9092 (0)
2025-10-30 05:08:13,042 - <BrokerConnection client_id=kafka-python-2.2.15, node_id=1 host=kafka:9092 <connecting> [unspecified None]>: Closing connection. KafkaConnectionError: DNS failure
2025-10-30 05:08:13,043 - Node 1 connection failed -- refreshing metadata
2025-10-30 05:08:23,050 - DNS lookup failed for kafka:9092, exception was [Errno -3] Temporary failure in name resolution. Is your advertised.listeners (called advertised.host.name before Kafka 9) correct and resolvable?
2025-10-30 05:08:23,050 - <BrokerConnection client_id=kafka-python-2.2.15, node_id=1 host=kafka:9092 <connecting> [unspecified None]>: DNS lookup failed for kafka:9092 (0)
2025-10-30 05:08:23,050 - <BrokerConnection client_id=kafka-python-2.2.15, node_id=1 host=kafka:9092 <connecting> [unspecified None]>: Closing connection. KafkaConnectionError: DNS failure
2025-10-30 05:08:23,050 - Node 1 connection failed -- refreshing metadata
2025-10-30 05:08:37,051 - DNS lookup failed for kafka:9092, exception was [Errno -3] Temporary failure in name resolution. Is your advertised.listeners (called advertised.host.name before Kafka 9) correct and resolvable?
2025-10-30 05:08:37,051 - <BrokerConnection client_id=kafka-python-2.2.15, node_id=1 host=kafka:9092 <connecting> [unspecified None]>: DNS lookup failed for kafka:9092 (0)
2025-10-30 05:08:37,051 - <BrokerConnection client_id=kafka-python-2.2.15, node_id=1 host=kafka:9092 <connecting> [unspecified None]>: Closing connection. KafkaConnectionError: DNS failure
2025-10-30 05:08:37,051 - Node 1 connection failed -- refreshing metadata
2025-10-30 05:09:02,039 - DNS lookup failed for kafka:9092, exception was [Errno -3] Temporary failure in name resolution. Is your advertised.listeners (called advertised.host.name before Kafka 9) correct and resolvable?
2025-10-30 05:09:02,039 - <BrokerConnection client_id=kafka-python-2.2.15, node_id=1 host=kafka:9092 <connecting> [unspecified None]>: DNS lookup failed for kafka:9092 (0)
2025-10-30 05:09:02,039 - <BrokerConnection client_id=kafka-python-2.2.15, node_id=1 host=kafka:9092 <connecting> [unspecified None]>: Closing connection. KafkaConnectionError: DNS failure
2025-10-30 05:09:02,039 - Node 1 connection failed -- refreshing metadata
2025-10-30 05:09:36,129 - DNS lookup failed for kafka:9092, exception was [Errno -3] Temporary failure in name resolution. Is your advertised.listeners (called advertised.host.name before Kafka 9) correct and resolvable?
2025-10-30 05:09:36,129 - <BrokerConnection client_id=kafka-python-2.2.15, node_id=1 host=kafka:9092 <connecting> [unspecified None]>: DNS lookup failed for kafka:9092 (0)
2025-10-30 05:09:36,129 - <BrokerConnection client_id=kafka-python-2.2.15, node_id=1 host=kafka:9092 <connecting> [unspecified None]>: Closing connection. KafkaConnectionError: DNS failure
2025-10-30 05:09:36,130 - Node 1 connection failed -- refreshing metadata
2025-10-30 05:10:08,673 - DNS lookup failed for kafka:9092, exception was [Errno -3] Temporary failure in name resolution. Is your advertised.listeners (called advertised.host.name before Kafka 9) correct and resolvable?
2025-10-30 05:10:08,674 - <BrokerConnection client_id=kafka-python-2.2.15, node_id=1 host=kafka:9092 <connecting> [unspecified None]>: DNS lookup failed for kafka:9092 (0)
2025-10-30 05:10:08,674 - <BrokerConnection client_id=kafka-python-2.2.15, node_id=1 host=kafka:9092 <connecting> [unspecified None]>: Closing connection. KafkaConnectionError: DNS failure
2025-10-30 05:10:08,674 - Node 1 connection failed -- refreshing metadata
2025-10-30 05:10:43,115 - DNS lookup failed for kafka:9092, exception was [Errno -3] Temporary failure in name resolution. Is your advertised.listeners (called advertised.host.name before Kafka 9) correct and resolvable?
2025-10-30 05:10:43,116 - <BrokerConnection client_id=kafka-python-2.2.15, node_id=1 host=kafka:9092 <connecting> [unspecified None]>: DNS lookup failed for kafka:9092 (0)
2025-10-30 05:10:43,116 - <BrokerConnection client_id=kafka-python-2.2.15, node_id=1 host=kafka:9092 <connecting> [unspecified None]>: Closing connection. KafkaConnectionError: DNS failure
2025-10-30 05:10:43,116 - Node 1 connection failed -- refreshing metadata
2025-10-30 05:11:11,926 - DNS lookup failed for kafka:9092, exception was [Errno -3] Temporary failure in name resolution. Is your advertised.listeners (called advertised.host.name before Kafka 9) correct and resolvable?
2025-10-30 05:11:11,927 - <BrokerConnection client_id=kafka-python-2.2.15, node_id=1 host=kafka:9092 <connecting> [unspecified None]>: DNS lookup failed for kafka:9092 (0)
2025-10-30 05:11:11,927 - <BrokerConnection client_id=kafka-python-2.2.15, node_id=1 host=kafka:9092 <connecting> [unspecified None]>: Closing connection. KafkaConnectionError: DNS failure
2025-10-30 05:11:11,927 - Node 1 connection failed -- refreshing metadata
2025-10-30 05:11:37,219 - DNS lookup failed for kafka:9092, exception was [Errno -3] Temporary failure in name resolution. Is your advertised.listeners (called advertised.host.name before Kafka 9) correct and resolvable?
2025-10-30 05:11:37,220 - <BrokerConnection client_id=kafka-python-2.2.15, node_id=1 host=kafka:9092 <connecting> [unspecified None]>: DNS lookup failed for kafka:9092 (0)
2025-10-30 05:11:37,220 - <BrokerConnection client_id=kafka-python-2.2.15, node_id=1 host=kafka:9092 <connecting> [unspecified None]>: Closing connection. KafkaConnectionError: DNS failure
2025-10-30 05:11:37,222 - Node 1 connection failed -- refreshing metadata
2025-10-30 05:12:11,989 - DNS lookup failed for kafka:9092, exception was [Errno -3] Temporary failure in name resolution. Is your advertised.listeners (called advertised.host.name before Kafka 9) correct and resolvable?
2025-10-30 05:12:11,989 - <BrokerConnection client_id=kafka-python-2.2.15, node_id=1 host=kafka:9092 <connecting> [unspecified None]>: DNS lookup failed for kafka:9092 (0)
2025-10-30 05:12:11,989 - <BrokerConnection client_id=kafka-python-2.2.15, node_id=1 host=kafka:9092 <connecting> [unspecified None]>: Closing connection. KafkaConnectionError: DNS failure
2025-10-30 05:12:11,989 - Node 1 connection failed -- refreshing metadata
2025-10-30 05:12:45,298 - DNS lookup failed for kafka:9092, exception was [Errno -3] Temporary failure in name resolution. Is your advertised.listeners (called advertised.host.name before Kafka 9) correct and resolvable?
2025-10-30 05:12:45,298 - <BrokerConnection client_id=kafka-python-2.2.15, node_id=1 host=kafka:9092 <connecting> [unspecified None]>: DNS lookup failed for kafka:9092 (0)
2025-10-30 05:12:45,298 - <BrokerConnection client_id=kafka-python-2.2.15, node_id=1 host=kafka:9092 <connecting> [unspecified None]>: Closing connection. KafkaConnectionError: DNS failure
2025-10-30 05:12:45,298 - Node 1 connection failed -- refreshing metadata
2025-10-30 05:13:13,848 - DNS lookup failed for kafka:9092, exception was [Errno -3] Temporary failure in name resolution. Is your advertised.listeners (called advertised.host.name before Kafka 9) correct and resolvable?
2025-10-30 05:13:13,848 - <BrokerConnection client_id=kafka-python-2.2.15, node_id=1 host=kafka:9092 <connecting> [unspecified None]>: DNS lookup failed for kafka:9092 (0)
2025-10-30 05:13:13,848 - <BrokerConnection client_id=kafka-python-2.2.15, node_id=1 host=kafka:9092 <connecting> [unspecified None]>: Closing connection. KafkaConnectionError: DNS failure
2025-10-30 05:13:13,848 - Node 1 connection failed -- refreshing metadata
2025-10-30 05:13:40,541 - DNS lookup failed for kafka:9092, exception was [Errno -3] Temporary failure in name resolution. Is your advertised.listeners (called advertised.host.name before Kafka 9) correct and resolvable?
2025-10-30 05:13:40,541 - <BrokerConnection client_id=kafka-python-2.2.15, node_id=1 host=kafka:9092 <connecting> [unspecified None]>: DNS lookup failed for kafka:9092 (0)
2025-10-30 05:13:40,541 - <BrokerConnection client_id=kafka-python-2.2.15, node_id=1 host=kafka:9092 <connecting> [unspecified None]>: Closing connection. KafkaConnectionError: DNS failure
2025-10-30 05:13:40,541 - Node 1 connection failed -- refreshing metadata
2025-10-30 05:14:10,651 - DNS lookup failed for kafka:9092, exception was [Errno -3] Temporary failure in name resolution. Is your advertised.listeners (called advertised.host.name before Kafka 9) correct and resolvable?
2025-10-30 05:14:10,651 - <BrokerConnection client_id=kafka-python-2.2.15, node_id=1 host=kafka:9092 <connecting> [unspecified None]>: DNS lookup failed for kafka:9092 (0)
2025-10-30 05:14:10,651 - <BrokerConnection client_id=kafka-python-2.2.15, node_id=1 host=kafka:9092 <connecting> [unspecified None]>: Closing connection. KafkaConnectionError: DNS failure
2025-10-30 05:14:10,651 - Node 1 connection failed -- refreshing metadata
2025-10-30 05:14:44,726 - <BrokerConnection client_id=kafka-python-2.2.15, node_id=bootstrap-0 host=localhost:9092 <connecting> [IPv4 ('127.0.0.1', 9092)]>: connecting to localhost:9092 [('127.0.0.1', 9092) IPv4]
2025-10-30 05:14:44,759 - <BrokerConnection client_id=kafka-python-2.2.15, node_id=bootstrap-0 host=localhost:9092 <checking_api_versions_recv> [IPv4 ('127.0.0.1', 9092)]>: Broker version identified as 2.6
2025-10-30 05:14:44,759 - <BrokerConnection client_id=kafka-python-2.2.15, node_id=bootstrap-0 host=localhost:9092 <connected> [IPv4 ('127.0.0.1', 9092)]>: Connection complete.
2025-10-30 05:14:44,759 - group_id is None: disabling auto-commit.
2025-10-30 05:14:44,759 - Updating subscribed topics to: ('binance.public.crypto_24h_stats',)
2025-10-30 05:14:44,761 - Updated partition assignment: [TopicPartition(topic='binance.public.crypto_24h_stats', partition=0)]
2025-10-30 05:14:54,769 - DNS lookup failed for kafka:9092, exception was [Errno -3] Temporary failure in name resolution. Is your advertised.listeners (called advertised.host.name before Kafka 9) correct and resolvable?
2025-10-30 05:14:54,769 - <BrokerConnection client_id=kafka-python-2.2.15, node_id=1 host=kafka:9092 <connecting> [unspecified None]>: DNS lookup failed for kafka:9092 (0)
2025-10-30 05:14:54,770 - <BrokerConnection client_id=kafka-python-2.2.15, node_id=1 host=kafka:9092 <connecting> [unspecified None]>: Closing connection. KafkaConnectionError: DNS failure
2025-10-30 05:14:54,770 - Node 1 connection failed -- refreshing metadata
2025-10-30 05:15:04,780 - DNS lookup failed for kafka:9092, exception was [Errno -3] Temporary failure in name resolution. Is your advertised.listeners (called advertised.host.name before Kafka 9) correct and resolvable?
2025-10-30 05:15:04,780 - <BrokerConnection client_id=kafka-python-2.2.15, node_id=1 host=kafka:9092 <connecting> [unspecified None]>: DNS lookup failed for kafka:9092 (0)
2025-10-30 05:15:04,780 - <BrokerConnection client_id=kafka-python-2.2.15, node_id=1 host=kafka:9092 <connecting> [unspecified None]>: Closing connection. KafkaConnectionError: DNS failure
2025-10-30 05:15:04,780 - Node 1 connection failed -- refreshing metadata
2025-10-30 05:15:17,514 - DNS lookup failed for kafka:9092, exception was [Errno -3] Temporary failure in name resolution. Is your advertised.listeners (called advertised.host.name before Kafka 9) correct and resolvable?
2025-10-30 05:15:17,514 - <BrokerConnection client_id=kafka-python-2.2.15, node_id=1 host=kafka:9092 <connecting> [unspecified None]>: DNS lookup failed for kafka:9092 (0)
2025-10-30 05:15:17,514 - <BrokerConnection client_id=kafka-python-2.2.15, node_id=1 host=kafka:9092 <connecting> [unspecified None]>: Closing connection. KafkaConnectionError: DNS failure
2025-10-30 05:15:17,514 - Node 1 connection failed -- refreshing metadata
2025-10-30 05:15:27,522 - DNS lookup failed for kafka:9092, exception was [Errno -3] Temporary failure in name resolution. Is your advertised.listeners (called advertised.host.name before Kafka 9) correct and resolvable?
2025-10-30 05:15:27,522 - <BrokerConnection client_id=kafka-python-2.2.15, node_id=1 host=kafka:9092 <connecting> [unspecified None]>: DNS lookup failed for kafka:9092 (0)
2025-10-30 05:15:27,522 - <BrokerConnection client_id=kafka-python-2.2.15, node_id=1 host=kafka:9092 <connecting> [unspecified None]>: Closing connection. KafkaConnectionError: DNS failure
2025-10-30 05:15:27,522 - Node 1 connection failed -- refreshing metadata
2025-10-30 05:15:37,531 - DNS lookup failed for kafka:9092, exception was [Errno -3] Temporary failure in name resolution. Is your advertised.listeners (called advertised.host.name before Kafka 9) correct and resolvable?
2025-10-30 05:15:37,531 - <BrokerConnection client_id=kafka-python-2.2.15, node_id=1 host=kafka:9092 <connecting> [unspecified None]>: DNS lookup failed for kafka:9092 (0)
2025-10-30 05:15:37,531 - <BrokerConnection client_id=kafka-python-2.2.15, node_id=1 host=kafka:9092 <connecting> [unspecified None]>: Closing connection. KafkaConnectionError: DNS failure
2025-10-30 05:15:37,531 - Node 1 connection failed -- refreshing metadata
2025-10-30 05:15:50,726 - DNS lookup failed for kafka:9092, exception was [Errno -3] Temporary failure in name resolution. Is your advertised.listeners (called advertised.host.name before Kafka 9) correct and resolvable?
2025-10-30 05:15:50,726 - <BrokerConnection client_id=kafka-python-2.2.15, node_id=1 host=kafka:9092 <connecting> [unspecified None]>: DNS lookup failed for kafka:9092 (0)
2025-10-30 05:15:50,726 - <BrokerConnection client_id=kafka-python-2.2.15, node_id=1 host=kafka:9092 <connecting> [unspecified None]>: Closing connection. KafkaConnectionError: DNS failure
2025-10-30 05:15:50,727 - Node 1 connection failed -- refreshing metadata
2025-10-30 05:16:00,736 - DNS lookup failed for kafka:9092, exception was [Errno -3] Temporary failure in name resolution. Is your advertised.listeners (called advertised.host.name before Kafka 9) correct and resolvable?
2025-10-30 05:16:00,736 - <BrokerConnection client_id=kafka-python-2.2.15, node_id=1 host=kafka:9092 <connecting> [unspecified None]>: DNS lookup failed for kafka:9092 (0)
2025-10-30 05:16:00,737 - <BrokerConnection client_id=kafka-python-2.2.15, node_id=1 host=kafka:9092 <connecting> [unspecified None]>: Closing connection. KafkaConnectionError: DNS failure
2025-10-30 05:16:00,737 - Node 1 connection failed -- refreshing metadata
2025-10-30 05:16:11,036 - DNS lookup failed for kafka:9092, exception was [Errno -3] Temporary failure in name resolution. Is your advertised.listeners (called advertised.host.name before Kafka 9) correct and resolvable?
2025-10-30 05:16:11,036 - <BrokerConnection client_id=kafka-python-2.2.15, node_id=1 host=kafka:9092 <connecting> [unspecified None]>: DNS lookup failed for kafka:9092 (0)
2025-10-30 05:16:11,036 - <BrokerConnection client_id=kafka-python-2.2.15, node_id=1 host=kafka:9092 <connecting> [unspecified None]>: Closing connection. KafkaConnectionError: DNS failure
2025-10-30 05:16:11,036 - Node 1 connection failed -- refreshing metadata
2025-10-30 05:16:21,042 - DNS lookup failed for kafka:9092, exception was [Errno -3] Temporary failure in name resolution. Is your advertised.listeners (called advertised.host.name before Kafka 9) correct and resolvable?
2025-10-30 05:16:21,042 - <BrokerConnection client_id=kafka-python-2.2.15, node_id=1 host=kafka:9092 <connecting> [unspecified None]>: DNS lookup failed for kafka:9092 (0)
2025-10-30 05:16:21,042 - <BrokerConnection client_id=kafka-python-2.2.15, node_id=1 host=kafka:9092 <connecting> [unspecified None]>: Closing connection. KafkaConnectionError: DNS failure
2025-10-30 05:16:21,042 - Node 1 connection failed -- refreshing metadata
2025-10-30 05:16:34,672 - DNS lookup failed for kafka:9092, exception was [Errno -3] Temporary failure in name resolution. Is your advertised.listeners (called advertised.host.name before Kafka 9) correct and resolvable?
2025-10-30 05:16:34,673 - <BrokerConnection client_id=kafka-python-2.2.15, node_id=1 host=kafka:9092 <connecting> [unspecified None]>: DNS lookup failed for kafka:9092 (0)
2025-10-30 05:16:34,673 - <BrokerConnection client_id=kafka-python-2.2.15, node_id=1 host=kafka:9092 <connecting> [unspecified None]>: Closing connection. KafkaConnectionError: DNS failure
2025-10-30 05:16:34,673 - Node 1 connection failed -- refreshing metadata
2025-10-30 05:16:55,172 - DNS lookup failed for kafka:9092, exception was [Errno -3] Temporary failure in name resolution. Is your advertised.listeners (called advertised.host.name before Kafka 9) correct and resolvable?
2025-10-30 05:16:55,173 - <BrokerConnection client_id=kafka-python-2.2.15, node_id=1 host=kafka:9092 <connecting> [unspecified None]>: DNS lookup failed for kafka:9092 (0)
2025-10-30 05:16:55,173 - <BrokerConnection client_id=kafka-python-2.2.15, node_id=1 host=kafka:9092 <connecting> [unspecified None]>: Closing connection. KafkaConnectionError: DNS failure
2025-10-30 05:16:55,173 - Node 1 connection failed -- refreshing metadata
2025-10-30 05:17:25,057 - DNS lookup failed for kafka:9092, exception was [Errno -3] Temporary failure in name resolution. Is your advertised.listeners (called advertised.host.name before Kafka 9) correct and resolvable?
2025-10-30 05:17:25,057 - <BrokerConnection client_id=kafka-python-2.2.15, node_id=1 host=kafka:9092 <connecting> [unspecified None]>: DNS lookup failed for kafka:9092 (0)
2025-10-30 05:17:25,057 - <BrokerConnection client_id=kafka-python-2.2.15, node_id=1 host=kafka:9092 <connecting> [unspecified None]>: Closing connection. KafkaConnectionError: DNS failure
2025-10-30 05:17:25,058 - Node 1 connection failed -- refreshing metadata
2025-10-30 05:17:52,867 - DNS lookup failed for kafka:9092, exception was [Errno -3] Temporary failure in name resolution. Is your advertised.listeners (called advertised.host.name before Kafka 9) correct and resolvable?
2025-10-30 05:17:52,867 - <BrokerConnection client_id=kafka-python-2.2.15, node_id=1 host=kafka:9092 <connecting> [unspecified None]>: DNS lookup failed for kafka:9092 (0)
2025-10-30 05:17:52,867 - <BrokerConnection client_id=kafka-python-2.2.15, node_id=1 host=kafka:9092 <connecting> [unspecified None]>: Closing connection. KafkaConnectionError: DNS failure
2025-10-30 05:17:52,868 - Node 1 connection failed -- refreshing metadata
2025-10-30 05:18:23,424 - DNS lookup failed for kafka:9092, exception was [Errno -3] Temporary failure in name resolution. Is your advertised.listeners (called advertised.host.name before Kafka 9) correct and resolvable?
2025-10-30 05:18:23,424 - <BrokerConnection client_id=kafka-python-2.2.15, node_id=1 host=kafka:9092 <connecting> [unspecified None]>: DNS lookup failed for kafka:9092 (0)
2025-10-30 05:18:23,425 - <BrokerConnection client_id=kafka-python-2.2.15, node_id=1 host=kafka:9092 <connecting> [unspecified None]>: Closing connection. KafkaConnectionError: DNS failure
2025-10-30 05:18:23,425 - Node 1 connection failed -- refreshing metadata
2025-10-30 05:18:55,671 - DNS lookup failed for kafka:9092, exception was [Errno -3] Temporary failure in name resolution. Is your advertised.listeners (called advertised.host.name before Kafka 9) correct and resolvable?
2025-10-30 05:18:55,671 - <BrokerConnection client_id=kafka-python-2.2.15, node_id=1 host=kafka:9092 <connecting> [unspecified None]>: DNS lookup failed for kafka:9092 (0)
2025-10-30 05:18:55,671 - <BrokerConnection client_id=kafka-python-2.2.15, node_id=1 host=kafka:9092 <connecting> [unspecified None]>: Closing connection. KafkaConnectionError: DNS failure
2025-10-30 05:18:55,671 - Node 1 connection failed -- refreshing metadata
2025-10-30 05:20:34,200 - <BrokerConnection client_id=kafka-python-2.2.15, node_id=bootstrap-0 host=localhost:9092 <connecting> [IPv4 ('127.0.0.1', 9092)]>: connecting to localhost:9092 [('127.0.0.1', 9092) IPv4]
2025-10-30 05:20:34,227 - <BrokerConnection client_id=kafka-python-2.2.15, node_id=bootstrap-0 host=localhost:9092 <checking_api_versions_recv> [IPv4 ('127.0.0.1', 9092)]>: Broker version identified as 2.6
2025-10-30 05:20:34,227 - <BrokerConnection client_id=kafka-python-2.2.15, node_id=bootstrap-0 host=localhost:9092 <connected> [IPv4 ('127.0.0.1', 9092)]>: Connection complete.
2025-10-30 05:20:34,228 - group_id is None: disabling auto-commit.
2025-10-30 05:20:34,229 - Updating subscribed topics to: ('binance.public.crypto_24h_stats',)
2025-10-30 05:20:34,237 - Updated partition assignment: [TopicPartition(topic='binance.public.crypto_24h_stats', partition=0)]
2025-10-30 05:20:44,307 - DNS lookup failed for kafka:9092, exception was [Errno -3] Temporary failure in name resolution. Is your advertised.listeners (called advertised.host.name before Kafka 9) correct and resolvable?
2025-10-30 05:20:44,308 - <BrokerConnection client_id=kafka-python-2.2.15, node_id=1 host=kafka:9092 <connecting> [unspecified None]>: DNS lookup failed for kafka:9092 (0)
2025-10-30 05:20:44,313 - <BrokerConnection client_id=kafka-python-2.2.15, node_id=1 host=kafka:9092 <connecting> [unspecified None]>: Closing connection. KafkaConnectionError: DNS failure
2025-10-30 05:20:44,314 - Node 1 connection failed -- refreshing metadata
2025-10-30 05:20:57,259 - DNS lookup failed for kafka:9092, exception was [Errno -3] Temporary failure in name resolution. Is your advertised.listeners (called advertised.host.name before Kafka 9) correct and resolvable?
2025-10-30 05:20:57,259 - <BrokerConnection client_id=kafka-python-2.2.15, node_id=1 host=kafka:9092 <connecting> [unspecified None]>: DNS lookup failed for kafka:9092 (0)
2025-10-30 05:20:57,259 - <BrokerConnection client_id=kafka-python-2.2.15, node_id=1 host=kafka:9092 <connecting> [unspecified None]>: Closing connection. KafkaConnectionError: DNS failure
2025-10-30 05:20:57,259 - Node 1 connection failed -- refreshing metadata
2025-10-30 05:21:07,265 - DNS lookup failed for kafka:9092, exception was [Errno -3] Temporary failure in name resolution. Is your advertised.listeners (called advertised.host.name before Kafka 9) correct and resolvable?
2025-10-30 05:21:07,265 - <BrokerConnection client_id=kafka-python-2.2.15, node_id=1 host=kafka:9092 <connecting> [unspecified None]>: DNS lookup failed for kafka:9092 (0)
2025-10-30 05:21:07,265 - <BrokerConnection client_id=kafka-python-2.2.15, node_id=1 host=kafka:9092 <connecting> [unspecified None]>: Closing connection. KafkaConnectionError: DNS failure
2025-10-30 05:21:07,266 - Node 1 connection failed -- refreshing metadata
2025-10-30 05:21:17,293 - DNS lookup failed for kafka:9092, exception was [Errno -3] Temporary failure in name resolution. Is your advertised.listeners (called advertised.host.name before Kafka 9) correct and resolvable?
2025-10-30 05:21:17,294 - <BrokerConnection client_id=kafka-python-2.2.15, node_id=1 host=kafka:9092 <connecting> [unspecified None]>: DNS lookup failed for kafka:9092 (0)
2025-10-30 05:21:17,295 - <BrokerConnection client_id=kafka-python-2.2.15, node_id=1 host=kafka:9092 <connecting> [unspecified None]>: Closing connection. KafkaConnectionError: DNS failure
2025-10-30 05:21:17,295 - Node 1 connection failed -- refreshing metadata
2025-10-30 05:21:30,241 - DNS lookup failed for kafka:9092, exception was [Errno -3] Temporary failure in name resolution. Is your advertised.listeners (called advertised.host.name before Kafka 9) correct and resolvable?
2025-10-30 05:21:30,242 - <BrokerConnection client_id=kafka-python-2.2.15, node_id=1 host=kafka:9092 <connecting> [unspecified None]>: DNS lookup failed for kafka:9092 (0)
2025-10-30 05:21:30,242 - <BrokerConnection client_id=kafka-python-2.2.15, node_id=1 host=kafka:9092 <connecting> [unspecified None]>: Closing connection. KafkaConnectionError: DNS failure
2025-10-30 05:21:30,242 - Node 1 connection failed -- refreshing metadata
2025-10-30 05:21:40,252 - DNS lookup failed for kafka:9092, exception was [Errno -3] Temporary failure in name resolution. Is your advertised.listeners (called advertised.host.name before Kafka 9) correct and resolvable?
2025-10-30 05:21:40,252 - <BrokerConnection client_id=kafka-python-2.2.15, node_id=1 host=kafka:9092 <connecting> [unspecified None]>: DNS lookup failed for kafka:9092 (0)
2025-10-30 05:21:40,253 - <BrokerConnection client_id=kafka-python-2.2.15, node_id=1 host=kafka:9092 <connecting> [unspecified None]>: Closing connection. KafkaConnectionError: DNS failure
2025-10-30 05:21:40,253 - Node 1 connection failed -- refreshing metadata
2025-10-30 05:21:50,262 - DNS lookup failed for kafka:9092, exception was [Errno -3] Temporary failure in name resolution. Is your advertised.listeners (called advertised.host.name before Kafka 9) correct and resolvable?
2025-10-30 05:21:50,262 - <BrokerConnection client_id=kafka-python-2.2.15, node_id=1 host=kafka:9092 <connecting> [unspecified None]>: DNS lookup failed for kafka:9092 (0)
2025-10-30 05:21:50,262 - <BrokerConnection client_id=kafka-python-2.2.15, node_id=1 host=kafka:9092 <connecting> [unspecified None]>: Closing connection. KafkaConnectionError: DNS failure
2025-10-30 05:21:50,263 - Node 1 connection failed -- refreshing metadata
2025-10-30 05:22:03,203 - DNS lookup failed for kafka:9092, exception was [Errno -3] Temporary failure in name resolution. Is your advertised.listeners (called advertised.host.name before Kafka 9) correct and resolvable?
2025-10-30 05:22:03,204 - <BrokerConnection client_id=kafka-python-2.2.15, node_id=1 host=kafka:9092 <connecting> [unspecified None]>: DNS lookup failed for kafka:9092 (0)
2025-10-30 05:22:03,204 - <BrokerConnection client_id=kafka-python-2.2.15, node_id=1 host=kafka:9092 <connecting> [unspecified None]>: Closing connection. KafkaConnectionError: DNS failure
2025-10-30 05:22:03,208 - Node 1 connection failed -- refreshing metadata
2025-10-30 05:22:13,225 - DNS lookup failed for kafka:9092, exception was [Errno -3] Temporary failure in name resolution. Is your advertised.listeners (called advertised.host.name before Kafka 9) correct and resolvable?
2025-10-30 05:22:13,226 - <BrokerConnection client_id=kafka-python-2.2.15, node_id=1 host=kafka:9092 <connecting> [unspecified None]>: DNS lookup failed for kafka:9092 (0)
2025-10-30 05:22:13,226 - <BrokerConnection client_id=kafka-python-2.2.15, node_id=1 host=kafka:9092 <connecting> [unspecified None]>: Closing connection. KafkaConnectionError: DNS failure
2025-10-30 05:22:13,227 - Node 1 connection failed -- refreshing metadata
2025-10-30 05:22:29,304 - DNS lookup failed for kafka:9092, exception was [Errno -3] Temporary failure in name resolution. Is your advertised.listeners (called advertised.host.name before Kafka 9) correct and resolvable?
2025-10-30 05:22:29,305 - <BrokerConnection client_id=kafka-python-2.2.15, node_id=1 host=kafka:9092 <connecting> [unspecified None]>: DNS lookup failed for kafka:9092 (0)
2025-10-30 05:22:29,305 - <BrokerConnection client_id=kafka-python-2.2.15, node_id=1 host=kafka:9092 <connecting> [unspecified None]>: Closing connection. KafkaConnectionError: DNS failure
2025-10-30 05:22:29,305 - Node 1 connection failed -- refreshing metadata
2025-10-30 05:22:59,753 - DNS lookup failed for kafka:9092, exception was [Errno -3] Temporary failure in name resolution. Is your advertised.listeners (called advertised.host.name before Kafka 9) correct and resolvable?
2025-10-30 05:22:59,754 - <BrokerConnection client_id=kafka-python-2.2.15, node_id=1 host=kafka:9092 <connecting> [unspecified None]>: DNS lookup failed for kafka:9092 (0)
2025-10-30 05:22:59,754 - <BrokerConnection client_id=kafka-python-2.2.15, node_id=1 host=kafka:9092 <connecting> [unspecified None]>: Closing connection. KafkaConnectionError: DNS failure
2025-10-30 05:22:59,755 - Node 1 connection failed -- refreshing metadata
2025-10-30 05:23:27,212 - DNS lookup failed for kafka:9092, exception was [Errno -3] Temporary failure in name resolution. Is your advertised.listeners (called advertised.host.name before Kafka 9) correct and resolvable?
2025-10-30 05:23:27,213 - <BrokerConnection client_id=kafka-python-2.2.15, node_id=1 host=kafka:9092 <connecting> [unspecified None]>: DNS lookup failed for kafka:9092 (0)
2025-10-30 05:23:27,213 - <BrokerConnection client_id=kafka-python-2.2.15, node_id=1 host=kafka:9092 <connecting> [unspecified None]>: Closing connection. KafkaConnectionError: DNS failure
2025-10-30 05:23:27,214 - Node 1 connection failed -- refreshing metadata
2025-10-30 05:24:00,967 - DNS lookup failed for kafka:9092, exception was [Errno -3] Temporary failure in name resolution. Is your advertised.listeners (called advertised.host.name before Kafka 9) correct and resolvable?
2025-10-30 05:24:00,967 - <BrokerConnection client_id=kafka-python-2.2.15, node_id=1 host=kafka:9092 <connecting> [unspecified None]>: DNS lookup failed for kafka:9092 (0)
2025-10-30 05:24:00,967 - <BrokerConnection client_id=kafka-python-2.2.15, node_id=1 host=kafka:9092 <connecting> [unspecified None]>: Closing connection. KafkaConnectionError: DNS failure
2025-10-30 05:24:00,968 - Node 1 connection failed -- refreshing metadata
2025-10-30 05:24:29,001 - DNS lookup failed for kafka:9092, exception was [Errno -3] Temporary failure in name resolution. Is your advertised.listeners (called advertised.host.name before Kafka 9) correct and resolvable?
2025-10-30 05:24:29,002 - <BrokerConnection client_id=kafka-python-2.2.15, node_id=1 host=kafka:9092 <connecting> [unspecified None]>: DNS lookup failed for kafka:9092 (0)
2025-10-30 05:24:29,002 - <BrokerConnection client_id=kafka-python-2.2.15, node_id=1 host=kafka:9092 <connecting> [unspecified None]>: Closing connection. KafkaConnectionError: DNS failure
2025-10-30 05:24:29,002 - Node 1 connection failed -- refreshing metadata
2025-10-30 05:24:39,587 - <BrokerConnection client_id=kafka-python-2.2.15, node_id=bootstrap-0 host=localhost:9092 <connecting> [IPv4 ('127.0.0.1', 9092)]>: connecting to localhost:9092 [('127.0.0.1', 9092) IPv4]
2025-10-30 05:24:39,607 - <BrokerConnection client_id=kafka-python-2.2.15, node_id=bootstrap-0 host=localhost:9092 <checking_api_versions_recv> [IPv4 ('127.0.0.1', 9092)]>: Broker version identified as 2.6
2025-10-30 05:24:39,607 - <BrokerConnection client_id=kafka-python-2.2.15, node_id=bootstrap-0 host=localhost:9092 <connected> [IPv4 ('127.0.0.1', 9092)]>: Connection complete.
2025-10-30 05:24:39,609 - group_id is None: disabling auto-commit.
2025-10-30 05:24:39,610 - Updating subscribed topics to: ('binance.public.crypto_24h_stats',)
2025-10-30 05:24:39,616 - Updated partition assignment: [TopicPartition(topic='binance.public.crypto_24h_stats', partition=0)]
2025-10-30 05:24:49,627 - DNS lookup failed for kafka:9092, exception was [Errno -3] Temporary failure in name resolution. Is your advertised.listeners (called advertised.host.name before Kafka 9) correct and resolvable?
2025-10-30 05:24:49,628 - <BrokerConnection client_id=kafka-python-2.2.15, node_id=1 host=kafka:9092 <connecting> [unspecified None]>: DNS lookup failed for kafka:9092 (0)
2025-10-30 05:24:49,628 - <BrokerConnection client_id=kafka-python-2.2.15, node_id=1 host=kafka:9092 <connecting> [unspecified None]>: Closing connection. KafkaConnectionError: DNS failure
2025-10-30 05:24:49,629 - Node 1 connection failed -- refreshing metadata
2025-10-30 05:25:02,885 - DNS lookup failed for kafka:9092, exception was [Errno -3] Temporary failure in name resolution. Is your advertised.listeners (called advertised.host.name before Kafka 9) correct and resolvable?
2025-10-30 05:25:02,886 - <BrokerConnection client_id=kafka-python-2.2.15, node_id=1 host=kafka:9092 <connecting> [unspecified None]>: DNS lookup failed for kafka:9092 (0)
2025-10-30 05:25:02,886 - <BrokerConnection client_id=kafka-python-2.2.15, node_id=1 host=kafka:9092 <connecting> [unspecified None]>: Closing connection. KafkaConnectionError: DNS failure
2025-10-30 05:25:02,886 - Node 1 connection failed -- refreshing metadata
2025-10-30 05:25:12,895 - DNS lookup failed for kafka:9092, exception was [Errno -3] Temporary failure in name resolution. Is your advertised.listeners (called advertised.host.name before Kafka 9) correct and resolvable?
2025-10-30 05:25:12,895 - <BrokerConnection client_id=kafka-python-2.2.15, node_id=1 host=kafka:9092 <connecting> [unspecified None]>: DNS lookup failed for kafka:9092 (0)
2025-10-30 05:25:12,896 - <BrokerConnection client_id=kafka-python-2.2.15, node_id=1 host=kafka:9092 <connecting> [unspecified None]>: Closing connection. KafkaConnectionError: DNS failure
2025-10-30 05:25:12,896 - Node 1 connection failed -- refreshing metadata
2025-10-30 05:25:22,901 - DNS lookup failed for kafka:9092, exception was [Errno -3] Temporary failure in name resolution. Is your advertised.listeners (called advertised.host.name before Kafka 9) correct and resolvable?
2025-10-30 05:25:22,902 - <BrokerConnection client_id=kafka-python-2.2.15, node_id=1 host=kafka:9092 <connecting> [unspecified None]>: DNS lookup failed for kafka:9092 (0)
2025-10-30 05:25:22,902 - <BrokerConnection client_id=kafka-python-2.2.15, node_id=1 host=kafka:9092 <connecting> [unspecified None]>: Closing connection. KafkaConnectionError: DNS failure
2025-10-30 05:25:22,903 - Node 1 connection failed -- refreshing metadata
2025-10-30 05:25:35,874 - DNS lookup failed for kafka:9092, exception was [Errno -3] Temporary failure in name resolution. Is your advertised.listeners (called advertised.host.name before Kafka 9) correct and resolvable?
2025-10-30 05:25:35,874 - <BrokerConnection client_id=kafka-python-2.2.15, node_id=1 host=kafka:9092 <connecting> [unspecified None]>: DNS lookup failed for kafka:9092 (0)
2025-10-30 05:25:35,875 - <BrokerConnection client_id=kafka-python-2.2.15, node_id=1 host=kafka:9092 <connecting> [unspecified None]>: Closing connection. KafkaConnectionError: DNS failure
2025-10-30 05:25:35,875 - Node 1 connection failed -- refreshing metadata
2025-10-30 05:25:45,888 - DNS lookup failed for kafka:9092, exception was [Errno -3] Temporary failure in name resolution. Is your advertised.listeners (called advertised.host.name before Kafka 9) correct and resolvable?
2025-10-30 05:25:45,888 - <BrokerConnection client_id=kafka-python-2.2.15, node_id=1 host=kafka:9092 <connecting> [unspecified None]>: DNS lookup failed for kafka:9092 (0)
2025-10-30 05:25:45,889 - <BrokerConnection client_id=kafka-python-2.2.15, node_id=1 host=kafka:9092 <connecting> [unspecified None]>: Closing connection. KafkaConnectionError: DNS failure
2025-10-30 05:25:45,889 - Node 1 connection failed -- refreshing metadata
2025-10-30 05:25:55,898 - DNS lookup failed for kafka:9092, exception was [Errno -3] Temporary failure in name resolution. Is your advertised.listeners (called advertised.host.name before Kafka 9) correct and resolvable?
2025-10-30 05:25:55,899 - <BrokerConnection client_id=kafka-python-2.2.15, node_id=1 host=kafka:9092 <connecting> [unspecified None]>: DNS lookup failed for kafka:9092 (0)
2025-10-30 05:25:55,899 - <BrokerConnection client_id=kafka-python-2.2.15, node_id=1 host=kafka:9092 <connecting> [unspecified None]>: Closing connection. KafkaConnectionError: DNS failure
2025-10-30 05:25:55,900 - Node 1 connection failed -- refreshing metadata
2025-10-30 05:26:08,839 - DNS lookup failed for kafka:9092, exception was [Errno -3] Temporary failure in name resolution. Is your advertised.listeners (called advertised.host.name before Kafka 9) correct and resolvable?
2025-10-30 05:26:08,840 - <BrokerConnection client_id=kafka-python-2.2.15, node_id=1 host=kafka:9092 <connecting> [unspecified None]>: DNS lookup failed for kafka:9092 (0)
2025-10-30 05:26:08,840 - <BrokerConnection client_id=kafka-python-2.2.15, node_id=1 host=kafka:9092 <connecting> [unspecified None]>: Closing connection. KafkaConnectionError: DNS failure
2025-10-30 05:26:08,841 - Node 1 connection failed -- refreshing metadata
2025-10-30 05:26:18,848 - DNS lookup failed for kafka:9092, exception was [Errno -3] Temporary failure in name resolution. Is your advertised.listeners (called advertised.host.name before Kafka 9) correct and resolvable?
2025-10-30 05:26:18,849 - <BrokerConnection client_id=kafka-python-2.2.15, node_id=1 host=kafka:9092 <connecting> [unspecified None]>: DNS lookup failed for kafka:9092 (0)
2025-10-30 05:26:18,849 - <BrokerConnection client_id=kafka-python-2.2.15, node_id=1 host=kafka:9092 <connecting> [unspecified None]>: Closing connection. KafkaConnectionError: DNS failure
2025-10-30 05:26:18,849 - Node 1 connection failed -- refreshing metadata
2025-10-30 05:26:34,150 - DNS lookup failed for kafka:9092, exception was [Errno -3] Temporary failure in name resolution. Is your advertised.listeners (called advertised.host.name before Kafka 9) correct and resolvable?
2025-10-30 05:26:34,150 - <BrokerConnection client_id=kafka-python-2.2.15, node_id=1 host=kafka:9092 <connecting> [unspecified None]>: DNS lookup failed for kafka:9092 (0)
2025-10-30 05:26:34,151 - <BrokerConnection client_id=kafka-python-2.2.15, node_id=1 host=kafka:9092 <connecting> [unspecified None]>: Closing connection. KafkaConnectionError: DNS failure
2025-10-30 05:26:34,151 - Node 1 connection failed -- refreshing metadata
2025-10-30 05:27:01,554 - DNS lookup failed for kafka:9092, exception was [Errno -3] Temporary failure in name resolution. Is your advertised.listeners (called advertised.host.name before Kafka 9) correct and resolvable?
2025-10-30 05:27:01,554 - <BrokerConnection client_id=kafka-python-2.2.15, node_id=1 host=kafka:9092 <connecting> [unspecified None]>: DNS lookup failed for kafka:9092 (0)
2025-10-30 05:27:01,555 - <BrokerConnection client_id=kafka-python-2.2.15, node_id=1 host=kafka:9092 <connecting> [unspecified None]>: Closing connection. KafkaConnectionError: DNS failure
2025-10-30 05:27:01,555 - Node 1 connection failed -- refreshing metadata
2025-10-30 05:27:28,136 - DNS lookup failed for kafka:9092, exception was [Errno -3] Temporary failure in name resolution. Is your advertised.listeners (called advertised.host.name before Kafka 9) correct and resolvable?
2025-10-30 05:27:28,136 - <BrokerConnection client_id=kafka-python-2.2.15, node_id=1 host=kafka:9092 <connecting> [unspecified None]>: DNS lookup failed for kafka:9092 (0)
2025-10-30 05:27:28,136 - <BrokerConnection client_id=kafka-python-2.2.15, node_id=1 host=kafka:9092 <connecting> [unspecified None]>: Closing connection. KafkaConnectionError: DNS failure
2025-10-30 05:27:28,136 - Node 1 connection failed -- refreshing metadata
2025-10-30 05:27:58,792 - DNS lookup failed for kafka:9092, exception was [Errno -3] Temporary failure in name resolution. Is your advertised.listeners (called advertised.host.name before Kafka 9) correct and resolvable?
2025-10-30 05:27:58,792 - <BrokerConnection client_id=kafka-python-2.2.15, node_id=1 host=kafka:9092 <connecting> [unspecified None]>: DNS lookup failed for kafka:9092 (0)
2025-10-30 05:27:58,793 - <BrokerConnection client_id=kafka-python-2.2.15, node_id=1 host=kafka:9092 <connecting> [unspecified None]>: Closing connection. KafkaConnectionError: DNS failure
2025-10-30 05:27:58,793 - Node 1 connection failed -- refreshing metadata
2025-10-30 05:28:28,583 - DNS lookup failed for kafka:9092, exception was [Errno -3] Temporary failure in name resolution. Is your advertised.listeners (called advertised.host.name before Kafka 9) correct and resolvable?
2025-10-30 05:28:28,583 - <BrokerConnection client_id=kafka-python-2.2.15, node_id=1 host=kafka:9092 <connecting> [unspecified None]>: DNS lookup failed for kafka:9092 (0)
2025-10-30 05:28:28,583 - <BrokerConnection client_id=kafka-python-2.2.15, node_id=1 host=kafka:9092 <connecting> [unspecified None]>: Closing connection. KafkaConnectionError: DNS failure
2025-10-30 05:28:28,584 - Node 1 connection failed -- refreshing metadata
2025-10-30 05:29:00,866 - DNS lookup failed for kafka:9092, exception was [Errno -3] Temporary failure in name resolution. Is your advertised.listeners (called advertised.host.name before Kafka 9) correct and resolvable?
2025-10-30 05:29:00,867 - <BrokerConnection client_id=kafka-python-2.2.15, node_id=1 host=kafka:9092 <connecting> [unspecified None]>: DNS lookup failed for kafka:9092 (0)
2025-10-30 05:29:00,867 - <BrokerConnection client_id=kafka-python-2.2.15, node_id=1 host=kafka:9092 <connecting> [unspecified None]>: Closing connection. KafkaConnectionError: DNS failure
2025-10-30 05:29:00,869 - Node 1 connection failed -- refreshing metadata
2025-10-30 05:29:30,471 - DNS lookup failed for kafka:9092, exception was [Errno -3] Temporary failure in name resolution. Is your advertised.listeners (called advertised.host.name before Kafka 9) correct and resolvable?
2025-10-30 05:29:30,472 - <BrokerConnection client_id=kafka-python-2.2.15, node_id=1 host=kafka:9092 <connecting> [unspecified None]>: DNS lookup failed for kafka:9092 (0)
2025-10-30 05:29:30,472 - <BrokerConnection client_id=kafka-python-2.2.15, node_id=1 host=kafka:9092 <connecting> [unspecified None]>: Closing connection. KafkaConnectionError: DNS failure
2025-10-30 05:29:30,472 - Node 1 connection failed -- refreshing metadata
2025-10-30 05:30:07,053 - <BrokerConnection client_id=kafka-python-2.2.15, node_id=bootstrap-0 host=localhost:9092 <connecting> [IPv4 ('127.0.0.1', 9092)]>: connecting to localhost:9092 [('127.0.0.1', 9092) IPv4]
2025-10-30 05:30:07,067 - <BrokerConnection client_id=kafka-python-2.2.15, node_id=bootstrap-0 host=localhost:9092 <checking_api_versions_recv> [IPv4 ('127.0.0.1', 9092)]>: Broker version identified as 2.6
2025-10-30 05:30:07,068 - <BrokerConnection client_id=kafka-python-2.2.15, node_id=bootstrap-0 host=localhost:9092 <connected> [IPv4 ('127.0.0.1', 9092)]>: Connection complete.
2025-10-30 05:30:07,069 - group_id is None: disabling auto-commit.
2025-10-30 05:30:07,070 - Updating subscribed topics to: ('binance.public.crypto_24h_stats',)
2025-10-30 05:30:07,076 - Updated partition assignment: [TopicPartition(topic='binance.public.crypto_24h_stats', partition=0)]
2025-10-30 05:30:17,089 - DNS lookup failed for kafka:9092, exception was [Errno -3] Temporary failure in name resolution. Is your advertised.listeners (called advertised.host.name before Kafka 9) correct and resolvable?
2025-10-30 05:30:17,089 - <BrokerConnection client_id=kafka-python-2.2.15, node_id=1 host=kafka:9092 <connecting> [unspecified None]>: DNS lookup failed for kafka:9092 (0)
2025-10-30 05:30:17,090 - <BrokerConnection client_id=kafka-python-2.2.15, node_id=1 host=kafka:9092 <connecting> [unspecified None]>: Closing connection. KafkaConnectionError: DNS failure
2025-10-30 05:30:17,091 - Node 1 connection failed -- refreshing metadata
2025-10-30 05:30:30,030 - DNS lookup failed for kafka:9092, exception was [Errno -3] Temporary failure in name resolution. Is your advertised.listeners (called advertised.host.name before Kafka 9) correct and resolvable?
2025-10-30 05:30:30,030 - <BrokerConnection client_id=kafka-python-2.2.15, node_id=1 host=kafka:9092 <connecting> [unspecified None]>: DNS lookup failed for kafka:9092 (0)
2025-10-30 05:30:30,030 - <BrokerConnection client_id=kafka-python-2.2.15, node_id=1 host=kafka:9092 <connecting> [unspecified None]>: Closing connection. KafkaConnectionError: DNS failure
2025-10-30 05:30:30,030 - Node 1 connection failed -- refreshing metadata
2025-10-30 05:30:40,037 - DNS lookup failed for kafka:9092, exception was [Errno -3] Temporary failure in name resolution. Is your advertised.listeners (called advertised.host.name before Kafka 9) correct and resolvable?
2025-10-30 05:30:40,037 - <BrokerConnection client_id=kafka-python-2.2.15, node_id=1 host=kafka:9092 <connecting> [unspecified None]>: DNS lookup failed for kafka:9092 (0)
2025-10-30 05:30:40,037 - <BrokerConnection client_id=kafka-python-2.2.15, node_id=1 host=kafka:9092 <connecting> [unspecified None]>: Closing connection. KafkaConnectionError: DNS failure
2025-10-30 05:30:40,038 - Node 1 connection failed -- refreshing metadata
2025-10-30 05:30:50,048 - DNS lookup failed for kafka:9092, exception was [Errno -3] Temporary failure in name resolution. Is your advertised.listeners (called advertised.host.name before Kafka 9) correct and resolvable?
2025-10-30 05:30:50,048 - <BrokerConnection client_id=kafka-python-2.2.15, node_id=1 host=kafka:9092 <connecting> [unspecified None]>: DNS lookup failed for kafka:9092 (0)
2025-10-30 05:30:50,048 - <BrokerConnection client_id=kafka-python-2.2.15, node_id=1 host=kafka:9092 <connecting> [unspecified None]>: Closing connection. KafkaConnectionError: DNS failure
2025-10-30 05:30:50,048 - Node 1 connection failed -- refreshing metadata
2025-10-30 05:31:02,991 - DNS lookup failed for kafka:9092, exception was [Errno -3] Temporary failure in name resolution. Is your advertised.listeners (called advertised.host.name before Kafka 9) correct and resolvable?
2025-10-30 05:31:02,992 - <BrokerConnection client_id=kafka-python-2.2.15, node_id=1 host=kafka:9092 <connecting> [unspecified None]>: DNS lookup failed for kafka:9092 (0)
2025-10-30 05:31:02,992 - <BrokerConnection client_id=kafka-python-2.2.15, node_id=1 host=kafka:9092 <connecting> [unspecified None]>: Closing connection. KafkaConnectionError: DNS failure
2025-10-30 05:31:02,992 - Node 1 connection failed -- refreshing metadata
2025-10-30 05:31:13,000 - DNS lookup failed for kafka:9092, exception was [Errno -3] Temporary failure in name resolution. Is your advertised.listeners (called advertised.host.name before Kafka 9) correct and resolvable?
2025-10-30 05:31:13,001 - <BrokerConnection client_id=kafka-python-2.2.15, node_id=1 host=kafka:9092 <connecting> [unspecified None]>: DNS lookup failed for kafka:9092 (0)
2025-10-30 05:31:13,001 - <BrokerConnection client_id=kafka-python-2.2.15, node_id=1 host=kafka:9092 <connecting> [unspecified None]>: Closing connection. KafkaConnectionError: DNS failure
2025-10-30 05:31:13,002 - Node 1 connection failed -- refreshing metadata
2025-10-30 05:31:23,006 - DNS lookup failed for kafka:9092, exception was [Errno -3] Temporary failure in name resolution. Is your advertised.listeners (called advertised.host.name before Kafka 9) correct and resolvable?
2025-10-30 05:31:23,007 - <BrokerConnection client_id=kafka-python-2.2.15, node_id=1 host=kafka:9092 <connecting> [unspecified None]>: DNS lookup failed for kafka:9092 (0)
2025-10-30 05:31:23,007 - <BrokerConnection client_id=kafka-python-2.2.15, node_id=1 host=kafka:9092 <connecting> [unspecified None]>: Closing connection. KafkaConnectionError: DNS failure
2025-10-30 05:31:23,008 - Node 1 connection failed -- refreshing metadata
2025-10-30 05:31:33,016 - DNS lookup failed for kafka:9092, exception was [Errno -3] Temporary failure in name resolution. Is your advertised.listeners (called advertised.host.name before Kafka 9) correct and resolvable?
2025-10-30 05:31:33,017 - <BrokerConnection client_id=kafka-python-2.2.15, node_id=1 host=kafka:9092 <connecting> [unspecified None]>: DNS lookup failed for kafka:9092 (0)
2025-10-30 05:31:33,018 - <BrokerConnection client_id=kafka-python-2.2.15, node_id=1 host=kafka:9092 <connecting> [unspecified None]>: Closing connection. KafkaConnectionError: DNS failure
2025-10-30 05:31:33,018 - Node 1 connection failed -- refreshing metadata
2025-10-30 05:31:45,945 - DNS lookup failed for kafka:9092, exception was [Errno -3] Temporary failure in name resolution. Is your advertised.listeners (called advertised.host.name before Kafka 9) correct and resolvable?
2025-10-30 05:31:45,946 - <BrokerConnection client_id=kafka-python-2.2.15, node_id=1 host=kafka:9092 <connecting> [unspecified None]>: DNS lookup failed for kafka:9092 (0)
2025-10-30 05:31:45,946 - <BrokerConnection client_id=kafka-python-2.2.15, node_id=1 host=kafka:9092 <connecting> [unspecified None]>: Closing connection. KafkaConnectionError: DNS failure
2025-10-30 05:31:45,947 - Node 1 connection failed -- refreshing metadata
2025-10-30 05:31:55,952 - DNS lookup failed for kafka:9092, exception was [Errno -3] Temporary failure in name resolution. Is your advertised.listeners (called advertised.host.name before Kafka 9) correct and resolvable?
2025-10-30 05:31:55,953 - <BrokerConnection client_id=kafka-python-2.2.15, node_id=1 host=kafka:9092 <connecting> [unspecified None]>: DNS lookup failed for kafka:9092 (0)
2025-10-30 05:31:55,953 - <BrokerConnection client_id=kafka-python-2.2.15, node_id=1 host=kafka:9092 <connecting> [unspecified None]>: Closing connection. KafkaConnectionError: DNS failure
2025-10-30 05:31:55,954 - Node 1 connection failed -- refreshing metadata
2025-10-30 05:32:25,798 - DNS lookup failed for kafka:9092, exception was [Errno -3] Temporary failure in name resolution. Is your advertised.listeners (called advertised.host.name before Kafka 9) correct and resolvable?
2025-10-30 05:32:25,799 - <BrokerConnection client_id=kafka-python-2.2.15, node_id=1 host=kafka:9092 <connecting> [unspecified None]>: DNS lookup failed for kafka:9092 (0)
2025-10-30 05:32:25,800 - <BrokerConnection client_id=kafka-python-2.2.15, node_id=1 host=kafka:9092 <connecting> [unspecified None]>: Closing connection. KafkaConnectionError: DNS failure
2025-10-30 05:32:25,801 - Node 1 connection failed -- refreshing metadata
2025-10-30 05:32:55,010 - DNS lookup failed for kafka:9092, exception was [Errno -3] Temporary failure in name resolution. Is your advertised.listeners (called advertised.host.name before Kafka 9) correct and resolvable?
2025-10-30 05:32:55,011 - <BrokerConnection client_id=kafka-python-2.2.15, node_id=1 host=kafka:9092 <connecting> [unspecified None]>: DNS lookup failed for kafka:9092 (0)
2025-10-30 05:32:55,011 - <BrokerConnection client_id=kafka-python-2.2.15, node_id=1 host=kafka:9092 <connecting> [unspecified None]>: Closing connection. KafkaConnectionError: DNS failure
2025-10-30 05:32:55,012 - Node 1 connection failed -- refreshing metadata
2025-10-30 05:33:25,152 - DNS lookup failed for kafka:9092, exception was [Errno -3] Temporary failure in name resolution. Is your advertised.listeners (called advertised.host.name before Kafka 9) correct and resolvable?
2025-10-30 05:33:25,152 - <BrokerConnection client_id=kafka-python-2.2.15, node_id=1 host=kafka:9092 <connecting> [unspecified None]>: DNS lookup failed for kafka:9092 (0)
2025-10-30 05:33:25,152 - <BrokerConnection client_id=kafka-python-2.2.15, node_id=1 host=kafka:9092 <connecting> [unspecified None]>: Closing connection. KafkaConnectionError: DNS failure
2025-10-30 05:33:25,152 - Node 1 connection failed -- refreshing metadata
